<?xml version="1.0" encoding="UTF-8"?>
<!-- Generated by org.testng.reporters.JUnitReportReporter -->
<testsuite hostname="PMLDVBALAJID" failures="0" tests="2" name="cucumber.runner.RunnerTest" time="0.112" errors="0" timestamp="2024-04-04T10:43:43 IST" skipped="0">
  <testcase classname="cucumber.runner.RunnerTest" name="runScenario" time="0.007"/>
  <system-out/>
  <testcase classname="cucumber.runner.RunnerTest" name="runScenario" time="0.105"/>
  <system-out/>
</testsuite> <!-- cucumber.runner.RunnerTest -->
